<?xml version="1.0" encoding="UTF-8"?>
<testsuite name="com.example.projectboard.ProjectBoardApplicationTests" tests="1" skipped="0" failures="0" errors="0" timestamp="2024-10-16T12:21:55" hostname="DESKTOP-TVVAI2D" time="1.328">
  <properties/>
  <testcase name="contextLoads()" classname="com.example.projectboard.ProjectBoardApplicationTests" time="1.328"/>
  <system-out><![CDATA[21:21:51.354 [Test worker] INFO org.springframework.test.context.support.AnnotationConfigContextLoaderUtils -- Could not detect default configuration classes for test class [com.example.projectboard.ProjectBoardApplicationTests]: ProjectBoardApplicationTests does not declare any static, non-private, non-final, nested classes annotated with @Configuration.
21:21:51.538 [Test worker] INFO org.springframework.boot.test.context.SpringBootTestContextBootstrapper -- Found @SpringBootConfiguration com.example.projectboard.ProjectBoardApplication for test class com.example.projectboard.ProjectBoardApplicationTests

  .   ____          _            __ _ _
 /\\ / ___'_ __ _ _(_)_ __  __ _ \ \ \ \
( ( )\___ | '_ | '_| | '_ \/ _` | \ \ \ \
 \\/  ___)| |_)| | | | | || (_| |  ) ) ) )
  '  |____| .__|_| |_|_| |_\__, | / / / /
 =========|_|==============|___/=/_/_/_/

 :: Spring Boot ::                (v3.3.4)

2024-10-16T21:21:52.213+09:00  INFO 1228 --- [project-board] [    Test worker] c.e.p.ProjectBoardApplicationTests       : Starting ProjectBoardApplicationTests using Java 17.0.10 with PID 1228 (started by User in C:\Users\User\IdeaProjects\github\project-board\project-board)
2024-10-16T21:21:52.216+09:00  INFO 1228 --- [project-board] [    Test worker] c.e.p.ProjectBoardApplicationTests       : No active profile set, falling back to 1 default profile: "default"
2024-10-16T21:21:55.202+09:00  INFO 1228 --- [project-board] [    Test worker] o.s.b.a.e.web.EndpointLinksResolver      : Exposing 1 endpoint beneath base path '/actuator'
2024-10-16T21:21:55.310+09:00  INFO 1228 --- [project-board] [    Test worker] c.e.p.ProjectBoardApplicationTests       : Started ProjectBoardApplicationTests in 3.46 seconds (process running for 5.836)
]]></system-out>
  <system-err><![CDATA[]]></system-err>
</testsuite>
