<?xml version="1.0" encoding="UTF-8"?>
<testsuite name="com.example.projectboard.ProjectBoardApplicationTests" tests="1" skipped="0" failures="0" errors="0" timestamp="2024-10-17T13:59:13" hostname="DESKTOP-TVVAI2D" time="3.514">
  <properties/>
  <testcase name="contextLoads()" classname="com.example.projectboard.ProjectBoardApplicationTests" time="3.514"/>
  <system-out><![CDATA[22:59:06.822 [Test worker] INFO org.springframework.test.context.support.AnnotationConfigContextLoaderUtils -- Could not detect default configuration classes for test class [com.example.projectboard.ProjectBoardApplicationTests]: ProjectBoardApplicationTests does not declare any static, non-private, non-final, nested classes annotated with @Configuration.
22:59:07.179 [Test worker] INFO org.springframework.boot.test.context.SpringBootTestContextBootstrapper -- Found @SpringBootConfiguration com.example.projectboard.ProjectBoardApplication for test class com.example.projectboard.ProjectBoardApplicationTests

  .   ____          _            __ _ _
 /\\ / ___'_ __ _ _(_)_ __  __ _ \ \ \ \
( ( )\___ | '_ | '_| | '_ \/ _` | \ \ \ \
 \\/  ___)| |_)| | | | | || (_| |  ) ) ) )
  '  |____| .__|_| |_|_| |_\__, | / / / /
 =========|_|==============|___/=/_/_/_/

 :: Spring Boot ::                (v3.3.4)

2024-10-17T22:59:08.275+09:00  INFO 11192 --- [project-board] [    Test worker] c.e.p.ProjectBoardApplicationTests       : Starting ProjectBoardApplicationTests using Java 17.0.11 with PID 11192 (started by User in C:\Users\User\IdeaProjects\github\project-board\project-board)
2024-10-17T22:59:08.279+09:00  INFO 11192 --- [project-board] [    Test worker] c.e.p.ProjectBoardApplicationTests       : No active profile set, falling back to 1 default profile: "default"
2024-10-17T22:59:12.780+09:00  INFO 11192 --- [project-board] [    Test worker] o.s.b.a.e.web.EndpointLinksResolver      : Exposing 1 endpoint beneath base path '/actuator'
2024-10-17T22:59:12.944+09:00  INFO 11192 --- [project-board] [    Test worker] c.e.p.ProjectBoardApplicationTests       : Started ProjectBoardApplicationTests in 5.351 seconds (process running for 9.391)
]]></system-out>
  <system-err><![CDATA[]]></system-err>
</testsuite>
